#
# There is insufficient memory for the Java Runtime Environment to continue.
# Native memory allocation (malloc) failed to allocate 67108880 bytes for Chunk::new
# Possible reasons:
#   The system is out of physical RAM or swap space
#   In 32 bit mode, the process size limit was hit
# Possible solutions:
#   Reduce memory load on the system
#   Increase physical memory or swap space
#   Check if swap backing store is full
#   Use 64 bit Java on a 64 bit OS
#   Decrease Java heap size (-Xmx/-Xms)
#   Decrease number of Java threads
#   Decrease Java thread stack sizes (-Xss)
#   Set larger code cache with -XX:ReservedCodeCacheSize=
# This output file may be truncated or incomplete.
#
#  Out of Memory Error (allocation.cpp:388), pid=11170, tid=140698457261824
#
# JRE version: Java(TM) SE Runtime Environment (8.0-b132) (build 1.8.0-b132)
# Java VM: Java HotSpot(TM) 64-Bit Server VM (25.0-b70 mixed mode linux-amd64 compressed oops)
# Failed to write core dump. Core dumps have been disabled. To enable core dumping, try "ulimit -c unlimited" before starting Java again
#

---------------  T H R E A D  ---------------

Current thread (0x00007ff6fc0b1800):  JavaThread "C2 CompilerThread1" daemon [_thread_in_native, id=11185, stack(0x00007ff6e980c000,0x00007ff6e990d000)]

Stack: [0x00007ff6e980c000,0x00007ff6e990d000],  sp=0x00007ff6e9907890,  free space=1006k
Native frames: (J=compiled Java code, j=interpreted, Vv=VM code, C=native code)
V  [libjvm.so+0xa2f3ea]  VMError::report_and_die()+0x2ca
V  [libjvm.so+0x4b2d0b]  report_vm_out_of_memory(char const*, int, unsigned long, VMErrorType, char const*)+0x8b
V  [libjvm.so+0x2ac27a]  Chunk::operator new(unsigned long, AllocFailStrategy::AllocFailEnum, unsigned long)+0x11a
V  [libjvm.so+0x2ad0a1]  Arena::grow(unsigned long, AllocFailStrategy::AllocFailEnum)+0x41
V  [libjvm.so+0x52a3bf]  GrowableArray<PointsToNode*>::append(PointsToNode* const&)+0x6f
V  [libjvm.so+0x526f97]  ConnectionGraph::add_field_uses_to_worklist(FieldNode*)+0x387
V  [libjvm.so+0x52787c]  ConnectionGraph::add_java_object_edges(JavaObjectNode*, bool)+0x5cc
V  [libjvm.so+0x52872d]  ConnectionGraph::complete_connection_graph(GrowableArray<PointsToNode*>&, GrowableArray<JavaObjectNode*>&, GrowableArray<JavaObjectNode*>&, GrowableArray<FieldNode*>&)+0x23d
V  [libjvm.so+0x528fcf]  ConnectionGraph::compute_escape()+0x75f
V  [libjvm.so+0x529f69]  ConnectionGraph::do_analysis(Compile*, PhaseIterGVN*)+0x119
V  [libjvm.so+0x45faba]  Compile::Optimize()+0x83a
V  [libjvm.so+0x46121c]  Compile::Compile(ciEnv*, C2Compiler*, ciMethod*, int, bool, bool, bool)+0x13dc
V  [libjvm.so+0x3b5008]  C2Compiler::compile_method(ciEnv*, ciMethod*, int)+0x198
V  [libjvm.so+0x4697da]  CompileBroker::invoke_compiler_on_method(CompileTask*)+0xc8a
V  [libjvm.so+0x46c1e0]  CompileBroker::compiler_thread_loop()+0x620
V  [libjvm.so+0x9e2fef]  JavaThread::thread_main_inner()+0xdf
V  [libjvm.so+0x9e31b5]  JavaThread::run()+0x1b5
V  [libjvm.so+0x8a0058]  java_start(Thread*)+0x108


Current CompileTask:
C2:  23780 1888   !   4       com.android.dx.cf.code.Ropper::processBlock (1101 bytes)


---------------  P R O C E S S  ---------------

Java Threads: ( => current thread )
  0x00007ff6fc0c9000 JavaThread "Service Thread" daemon [_thread_blocked, id=11187, stack(0x00007ff6e960a000,0x00007ff6e970b000)]
  0x00007ff6fc0b3800 JavaThread "C1 CompilerThread2" daemon [_thread_blocked, id=11186, stack(0x00007ff6e970b000,0x00007ff6e980c000)]
=>0x00007ff6fc0b1800 JavaThread "C2 CompilerThread1" daemon [_thread_in_native, id=11185, stack(0x00007ff6e980c000,0x00007ff6e990d000)]
  0x00007ff6fc0af000 JavaThread "C2 CompilerThread0" daemon [_thread_in_native, id=11184, stack(0x00007ff6e990d000,0x00007ff6e9a0e000)]
  0x00007ff6fc0ac800 JavaThread "Signal Dispatcher" daemon [_thread_blocked, id=11183, stack(0x00007ff6e9a0e000,0x00007ff6e9b0f000)]
  0x00007ff6fc07d000 JavaThread "Finalizer" daemon [_thread_blocked, id=11182, stack(0x00007ff6ea1f2000,0x00007ff6ea2f3000)]
  0x00007ff6fc078800 JavaThread "Reference Handler" daemon [_thread_blocked, id=11181, stack(0x00007ff6ea2f3000,0x00007ff6ea3f4000)]
  0x00007ff6fc00a800 JavaThread "main" [_thread_in_vm, id=11175, stack(0x00007ff704a18000,0x00007ff704b19000)]

Other Threads:
  0x00007ff6fc073800 VMThread [stack: 0x00007ff6ea3f4000,0x00007ff6ea4f5000] [id=11180]
  0x00007ff6fc0cb800 WatcherThread [stack: 0x00007ff6e9509000,0x00007ff6e960a000] [id=11188]

VM state:not at safepoint (normal execution)

VM Mutex/Monitor currently owned by a thread: None

Heap:
 PSYoungGen      total 111616K, used 34256K [0x00000000eab00000, 0x00000000f3e00000, 0x0000000100000000)
  eden space 95744K, 20% used [0x00000000eab00000,0x00000000ebe64650,0x00000000f0880000)
  from space 15872K, 90% used [0x00000000f0880000,0x00000000f168f9d8,0x00000000f1800000)
  to   space 17920K, 0% used [0x00000000f2c80000,0x00000000f2c80000,0x00000000f3e00000)
 ParOldGen       total 69632K, used 57623K [0x00000000c0000000, 0x00000000c4400000, 0x00000000eab00000)
  object space 69632K, 82% used [0x00000000c0000000,0x00000000c3845d70,0x00000000c4400000)
 Metaspace       used 5771K, capacity 7024K, committed 7296K, reserved 1056768K
  class space    used 571K, capacity 616K, committed 640K, reserved 1048576K

Card table byte_map: [0x00007ff701695000,0x00007ff701896000] byte_map_base: 0x00007ff701095000

Marking Bits: (ParMarkBitMap*) 0x00007ff703eefc20
 Begin Bits: [0x00007ff6eb000000, 0x00007ff6ec000000)
 End Bits:   [0x00007ff6ec000000, 0x00007ff6ed000000)

Polling page: 0x00007ff704b37000

CodeCache: size=245760Kb used=8541Kb max_used=8562Kb free=237218Kb
 bounds [0x00007ff6ed000000, 0x00007ff6ed870000, 0x00007ff6fc000000]
 total_blobs=2193 nmethods=1934 adapters=174
 compilation: enabled

Compilation events (10 events):
Event: 10.520 Thread 0x00007ff6fc0af000 nmethod 1924 0x00007ff6ed83ce10 code [0x00007ff6ed83cfa0, 0x00007ff6ed83d3b8]
Event: 10.520 Thread 0x00007ff6fc0af000 1742       4       com.android.dx.ssa.Dominators::compress (229 bytes)
Event: 10.567 Thread 0x00007ff6fc0af000 nmethod 1742 0x00007ff6ed8527d0 code [0x00007ff6ed852a20, 0x00007ff6ed853850]
Event: 10.567 Thread 0x00007ff6fc0af000 2005       4       com.android.dx.ssa.InterferenceRegisterMapper::addInterfence (62 bytes)
Event: 10.658 Thread 0x00007ff6fc0b3800 2011       2       com.android.dx.dex.file.AnnotationsDirectoryItem::addParameterAnnotations (37 bytes)
Event: 10.659 Thread 0x00007ff6fc0b3800 nmethod 2011 0x00007ff6ed83ef10 code [0x00007ff6ed83f0a0, 0x00007ff6ed83f458]
Event: 10.740 Thread 0x00007ff6fc0af000 nmethod 2005 0x00007ff6ed836ed0 code [0x00007ff6ed8370c0, 0x00007ff6ed837ed8]
Event: 10.740 Thread 0x00007ff6fc0af000 2017       4       com.android.dx.ssa.back.IdenticalBlockCombiner::process (323 bytes)
Event: 10.904 Thread 0x00007ff6fc0af000 nmethod 2017 0x00007ff6ed860a50 code [0x00007ff6ed860d80, 0x00007ff6ed8634b8]
Event: 10.904 Thread 0x00007ff6fc0af000 2024       4       com.android.dx.ssa.SCCP::run (298 bytes)

GC Heap History (10 events):
Event: 5.868 GC heap before
{Heap before GC invocations=18 (full 0):
 PSYoungGen      total 55808K, used 55776K [0x00000000eab00000, 0x00000000f0200000, 0x0000000100000000)
  eden space 49664K, 100% used [0x00000000eab00000,0x00000000edb80000,0x00000000edb80000)
  from space 6144K, 99% used [0x00000000edb80000,0x00000000ee178010,0x00000000ee180000)
  to   space 9728K, 0% used [0x00000000ef880000,0x00000000ef880000,0x00000000f0200000)
 ParOldGen       total 59904K, used 26467K [0x00000000c0000000, 0x00000000c3a80000, 0x00000000eab00000)
  object space 59904K, 44% used [0x00000000c0000000,0x00000000c19d8e10,0x00000000c3a80000)
 Metaspace       used 5642K, capacity 6960K, committed 7040K, reserved 1056768K
  class space    used 552K, capacity 616K, committed 640K, reserved 1048576K
Event: 5.905 GC heap after
Heap after GC invocations=18 (full 0):
 PSYoungGen      total 78336K, used 7866K [0x00000000eab00000, 0x00000000f0400000, 0x0000000100000000)
  eden space 68608K, 0% used [0x00000000eab00000,0x00000000eab00000,0x00000000eee00000)
  from space 9728K, 80% used [0x00000000ef880000,0x00000000f002ea08,0x00000000f0200000)
  to   space 10752K, 0% used [0x00000000eee00000,0x00000000eee00000,0x00000000ef880000)
 ParOldGen       total 59904K, used 32585K [0x00000000c0000000, 0x00000000c3a80000, 0x00000000eab00000)
  object space 59904K, 54% used [0x00000000c0000000,0x00000000c1fd27c0,0x00000000c3a80000)
 Metaspace       used 5642K, capacity 6960K, committed 7040K, reserved 1056768K
  class space    used 552K, capacity 616K, committed 640K, reserved 1048576K
}
Event: 7.230 GC heap before
{Heap before GC invocations=19 (full 0):
 PSYoungGen      total 78336K, used 76474K [0x00000000eab00000, 0x00000000f0400000, 0x0000000100000000)
  eden space 68608K, 100% used [0x00000000eab00000,0x00000000eee00000,0x00000000eee00000)
  from space 9728K, 80% used [0x00000000ef880000,0x00000000f002ea08,0x00000000f0200000)
  to   space 10752K, 0% used [0x00000000eee00000,0x00000000eee00000,0x00000000ef880000)
 ParOldGen       total 59904K, used 32585K [0x00000000c0000000, 0x00000000c3a80000, 0x00000000eab00000)
  object space 59904K, 54% used [0x00000000c0000000,0x00000000c1fd27c0,0x00000000c3a80000)
 Metaspace       used 5756K, capacity 7024K, committed 7296K, reserved 1056768K
  class space    used 571K, capacity 616K, committed 640K, reserved 1048576K
Event: 7.345 GC heap after
Heap after GC invocations=19 (full 0):
 PSYoungGen      total 79360K, used 10738K [0x00000000eab00000, 0x00000000f2700000, 0x0000000100000000)
  eden space 68608K, 0% used [0x00000000eab00000,0x00000000eab00000,0x00000000eee00000)
  from space 10752K, 99% used [0x00000000eee00000,0x00000000ef87c848,0x00000000ef880000)
  to   space 15360K, 0% used [0x00000000f1800000,0x00000000f1800000,0x00000000f2700000)
 ParOldGen       total 59904K, used 40420K [0x00000000c0000000, 0x00000000c3a80000, 0x00000000eab00000)
  object space 59904K, 67% used [0x00000000c0000000,0x00000000c2779048,0x00000000c3a80000)
 Metaspace       used 5756K, capacity 7024K, committed 7296K, reserved 1056768K
  class space    used 571K, capacity 616K, committed 640K, reserved 1048576K
}
Event: 8.180 GC heap before
{Heap before GC invocations=20 (full 0):
 PSYoungGen      total 79360K, used 79346K [0x00000000eab00000, 0x00000000f2700000, 0x0000000100000000)
  eden space 68608K, 100% used [0x00000000eab00000,0x00000000eee00000,0x00000000eee00000)
  from space 10752K, 99% used [0x00000000eee00000,0x00000000ef87c848,0x00000000ef880000)
  to   space 15360K, 0% used [0x00000000f1800000,0x00000000f1800000,0x00000000f2700000)
 ParOldGen       total 59904K, used 40420K [0x00000000c0000000, 0x00000000c3a80000, 0x00000000eab00000)
  object space 59904K, 67% used [0x00000000c0000000,0x00000000c2779048,0x00000000c3a80000)
 Metaspace       used 5762K, capacity 7024K, committed 7296K, reserved 1056768K
  class space    used 571K, capacity 616K, committed 640K, reserved 1048576K
Event: 8.302 GC heap after
Heap after GC invocations=20 (full 0):
 PSYoungGen      total 111104K, used 9629K [0x00000000eab00000, 0x00000000f2800000, 0x0000000100000000)
  eden space 95744K, 0% used [0x00000000eab00000,0x00000000eab00000,0x00000000f0880000)
  from space 15360K, 62% used [0x00000000f1800000,0x00000000f2167680,0x00000000f2700000)
  to   space 15872K, 0% used [0x00000000f0880000,0x00000000f0880000,0x00000000f1800000)
 ParOldGen       total 59904K, used 51127K [0x00000000c0000000, 0x00000000c3a80000, 0x00000000eab00000)
  object space 59904K, 85% used [0x00000000c0000000,0x00000000c31ede08,0x00000000c3a80000)
 Metaspace       used 5762K, capacity 7024K, committed 7296K, reserved 1056768K
  class space    used 571K, capacity 616K, committed 640K, reserved 1048576K
}
Event: 8.302 GC heap before
{Heap before GC invocations=21 (full 1):
 PSYoungGen      total 111104K, used 9629K [0x00000000eab00000, 0x00000000f2800000, 0x0000000100000000)
  eden space 95744K, 0% used [0x00000000eab00000,0x00000000eab00000,0x00000000f0880000)
  from space 15360K, 62% used [0x00000000f1800000,0x00000000f2167680,0x00000000f2700000)
  to   space 15872K, 0% used [0x00000000f0880000,0x00000000f0880000,0x00000000f1800000)
 ParOldGen       total 59904K, used 51127K [0x00000000c0000000, 0x00000000c3a80000, 0x00000000eab00000)
  object space 59904K, 85% used [0x00000000c0000000,0x00000000c31ede08,0x00000000c3a80000)
 Metaspace       used 5762K, capacity 7024K, committed 7296K, reserved 1056768K
  class space    used 571K, capacity 616K, committed 640K, reserved 1048576K
Event: 8.974 GC heap after
Heap after GC invocations=21 (full 1):
 PSYoungGen      total 111104K, used 0K [0x00000000eab00000, 0x00000000f2800000, 0x0000000100000000)
  eden space 95744K, 0% used [0x00000000eab00000,0x00000000eab00000,0x00000000f0880000)
  from space 15360K, 0% used [0x00000000f1800000,0x00000000f1800000,0x00000000f2700000)
  to   space 15872K, 0% used [0x00000000f0880000,0x00000000f0880000,0x00000000f1800000)
 ParOldGen       total 69632K, used 57623K [0x00000000c0000000, 0x00000000c4400000, 0x00000000eab00000)
  object space 69632K, 82% used [0x00000000c0000000,0x00000000c3845d70,0x00000000c4400000)
 Metaspace       used 5762K, capacity 7024K, committed 7296K, reserved 1056768K
  class space    used 571K, capacity 616K, committed 640K, reserved 1048576K
}
Event: 10.236 GC heap before
{Heap before GC invocations=22 (full 1):
 PSYoungGen      total 111104K, used 95744K [0x00000000eab00000, 0x00000000f2800000, 0x0000000100000000)
  eden space 95744K, 100% used [0x00000000eab00000,0x00000000f0880000,0x00000000f0880000)
  from space 15360K, 0% used [0x00000000f1800000,0x00000000f1800000,0x00000000f2700000)
  to   space 15872K, 0% used [0x00000000f0880000,0x00000000f0880000,0x00000000f1800000)
 ParOldGen       total 69632K, used 57623K [0x00000000c0000000, 0x00000000c4400000, 0x00000000eab00000)
  object space 69632K, 82% used [0x00000000c0000000,0x00000000c3845d70,0x00000000c4400000)
 Metaspace       used 5767K, capacity 7024K, committed 7296K, reserved 1056768K
  class space    used 571K, capacity 616K, committed 640K, reserved 1048576K
Event: 10.329 GC heap after
Heap after GC invocations=22 (full 1):
 PSYoungGen      total 111616K, used 14398K [0x00000000eab00000, 0x00000000f3e00000, 0x0000000100000000)
  eden space 95744K, 0% used [0x00000000eab00000,0x00000000eab00000,0x00000000f0880000)
  from space 15872K, 90% used [0x00000000f0880000,0x00000000f168f9d8,0x00000000f1800000)
  to   space 17920K, 0% used [0x00000000f2c80000,0x00000000f2c80000,0x00000000f3e00000)
 ParOldGen       total 69632K, used 57623K [0x00000000c0000000, 0x00000000c4400000, 0x00000000eab00000)
  object space 69632K, 82% used [0x00000000c0000000,0x00000000c3845d70,0x00000000c4400000)
 Metaspace       used 5767K, capacity 7024K, committed 7296K, reserved 1056768K
  class space    used 571K, capacity 616K, committed 640K, reserved 1048576K
}

Deoptimization events (10 events):
Event: 7.223 Thread 0x00007ff6fc00a800 Uncommon trap: reason=bimorphic action=maybe_recompile pc=0x00007ff6ed7150d4 method=com.android.dx.cf.code.BytecodeArray.parseInstruction(ILcom/android/dx/cf/code/BytecodeArray$Visitor;)I @ 1035
Event: 7.223 Thread 0x00007ff6fc00a800 Uncommon trap: reason=bimorphic action=maybe_recompile pc=0x00007ff6ed714ee4 method=com.android.dx.cf.code.BytecodeArray.parseInstruction(ILcom/android/dx/cf/code/BytecodeArray$Visitor;)I @ 971
Event: 7.223 Thread 0x00007ff6fc00a800 Uncommon trap: reason=bimorphic action=maybe_recompile pc=0x00007ff6ed714f60 method=com.android.dx.cf.code.BytecodeArray.parseInstruction(ILcom/android/dx/cf/code/BytecodeArray$Visitor;)I @ 987
Event: 7.224 Thread 0x00007ff6fc00a800 Uncommon trap: reason=bimorphic action=maybe_recompile pc=0x00007ff6ed715150 method=com.android.dx.cf.code.BytecodeArray.parseInstruction(ILcom/android/dx/cf/code/BytecodeArray$Visitor;)I @ 1051
Event: 7.224 Thread 0x00007ff6fc00a800 Uncommon trap: reason=bimorphic action=maybe_recompile pc=0x00007ff6ed7150d4 method=com.android.dx.cf.code.BytecodeArray.parseInstruction(ILcom/android/dx/cf/code/BytecodeArray$Visitor;)I @ 1035
Event: 7.958 Thread 0x00007ff6fc00a800 Uncommon trap: reason=unreached action=reinterpret pc=0x00007ff6ed66490c method=java.util.HashMap.putVal(ILjava/lang/Object;Ljava/lang/Object;ZZ)Ljava/lang/Object; @ 109
Event: 8.071 Thread 0x00007ff6fc00a800 Uncommon trap: reason=unreached action=reinterpret pc=0x00007ff6ed2f881c method=java.util.HashMap.putVal(ILjava/lang/Object;Ljava/lang/Object;ZZ)Ljava/lang/Object; @ 109
Event: 9.142 Thread 0x00007ff6fc00a800 Uncommon trap: reason=unreached action=reinterpret pc=0x00007ff6ed80d0c8 method=com.android.dx.cf.code.BytecodeArray.parseInstruction(ILcom/android/dx/cf/code/BytecodeArray$Visitor;)I @ 1261
Event: 9.369 Thread 0x00007ff6fc00a800 Uncommon trap: reason=bimorphic action=maybe_recompile pc=0x00007ff6ed729be8 method=com.android.dx.cf.code.OneLocalsArray.set(ILcom/android/dx/rop/type/TypeBearer;)V @ 85
Event: 9.932 Thread 0x00007ff6fc00a800 Uncommon trap: reason=unreached action=reinterpret pc=0x00007ff6ed6f4500 method=java.util.HashMap.resize()[Ljava/util/HashMap$Node; @ 206

Internal exceptions (10 events):
Event: 1.030 Thread 0x00007ff6fc00a800 Exception <a 'java/security/PrivilegedActionException'> (0x00000000eadd5a08) thrown at [/HUDSON/workspace/8-2-build-linux-amd64/jdk8/2238/hotspot/src/share/vm/prims/jvm.cpp, line 1248]
Event: 1.133 Thread 0x00007ff6fc00a800 Exception <a 'java/security/PrivilegedActionException'> (0x00000000eac1c0e8) thrown at [/HUDSON/workspace/8-2-build-linux-amd64/jdk8/2238/hotspot/src/share/vm/prims/jvm.cpp, line 1248]
Event: 1.376 Thread 0x00007ff6fc00a800 Implicit null exception at 0x00007ff6ed379e08 to 0x00007ff6ed37b285
Event: 1.513 Thread 0x00007ff6fc00a800 Exception <a 'java/security/PrivilegedActionException'> (0x00000000eabadf18) thrown at [/HUDSON/workspace/8-2-build-linux-amd64/jdk8/2238/hotspot/src/share/vm/prims/jvm.cpp, line 1248]
Event: 2.762 Thread 0x00007ff6fc00a800 Exception <a 'java/security/PrivilegedActionException'> (0x00000000eb619dd0) thrown at [/HUDSON/workspace/8-2-build-linux-amd64/jdk8/2238/hotspot/src/share/vm/prims/jvm.cpp, line 1248]
Event: 4.265 Thread 0x00007ff6fc00a800 Exception <a 'java/security/PrivilegedActionException'> (0x00000000eb3860f0) thrown at [/HUDSON/workspace/8-2-build-linux-amd64/jdk8/2238/hotspot/src/share/vm/prims/jvm.cpp, line 1248]
Event: 6.305 Thread 0x00007ff6fc00a800 Exception <a 'java/lang/ArrayIndexOutOfBoundsException': 18> (0x00000000ebbc1218) thrown at [/HUDSON/workspace/8-2-build-linux-amd64/jdk8/2238/hotspot/src/share/vm/interpreter/interpreterRuntime.cpp, line 337]
Event: 6.305 Thread 0x00007ff6fc00a800 Exception <a 'java/lang/ArrayIndexOutOfBoundsException': 145> (0x00000000ebbc2cb0) thrown at [/HUDSON/workspace/8-2-build-linux-amd64/jdk8/2238/hotspot/src/share/vm/interpreter/interpreterRuntime.cpp, line 337]
Event: 6.628 Thread 0x00007ff6fc00a800 Exception <a 'java/lang/ArrayIndexOutOfBoundsException'> (0x00000000ebbc3ec8) thrown at [/HUDSON/workspace/8-2-build-linux-amd64/jdk8/2238/hotspot/src/share/vm/runtime/sharedRuntime.cpp, line 595]
Event: 7.850 Thread 0x00007ff6fc00a800 Exception <a 'java/security/PrivilegedActionException'> (0x00000000ed420260) thrown at [/HUDSON/workspace/8-2-build-linux-amd64/jdk8/2238/hotspot/src/share/vm/prims/jvm.cpp, line 1248]

Events (10 events):
Event: 9.932 Thread 0x00007ff6fc00a800 DEOPT PACKING pc=0x00007ff6ed6f4500 sp=0x00007ff704b16890
Event: 9.932 Thread 0x00007ff6fc00a800 DEOPT UNPACKING pc=0x00007ff6ed047650 sp=0x00007ff704b16818 mode 2
Event: 9.947 Thread 0x00007ff6fc00a800 DEOPT PACKING pc=0x00007ff6ed3d40f8 sp=0x00007ff704b16af0
Event: 9.947 Thread 0x00007ff6fc00a800 DEOPT UNPACKING pc=0x00007ff6ed04741a sp=0x00007ff704b16940 mode 0
Event: 9.951 Thread 0x00007ff6fc00a800 DEOPT PACKING pc=0x00007ff6ed4ac08c sp=0x00007ff704b16830
Event: 9.951 Thread 0x00007ff6fc00a800 DEOPT UNPACKING pc=0x00007ff6ed04741a sp=0x00007ff704b16560 mode 0
Event: 10.003 Thread 0x00007ff6fc00a800 DEOPT PACKING pc=0x00007ff6ed3d40e1 sp=0x00007ff704b16af0
Event: 10.003 Thread 0x00007ff6fc00a800 DEOPT UNPACKING pc=0x00007ff6ed04741a sp=0x00007ff704b16940 mode 0
Event: 10.236 Executing VM operation: ParallelGCFailedAllocation
Event: 10.329 Executing VM operation: ParallelGCFailedAllocation done


Dynamic libraries:
00400000-00401000 r-xp 00000000 08:05 1183408                            /home/pramoda-nf/software/jdk1.8.0/bin/java
00600000-00601000 rw-p 00000000 08:05 1183408                            /home/pramoda-nf/software/jdk1.8.0/bin/java
014f1000-01512000 rw-p 00000000 00:00 0                                  [heap]
c0000000-c4400000 rw-p 00000000 00:00 0 
c4400000-eab00000 ---p 00000000 00:00 0 
eab00000-f3e00000 rw-p 00000000 00:00 0 
f3e00000-100000000 ---p 00000000 00:00 0 
100000000-1000a0000 rw-p 00000000 00:00 0 
1000a0000-140000000 ---p 00000000 00:00 0 
7ff6b0ffe000-7ff6b4000000 rw-p 00000000 00:00 0 
7ff6b4000000-7ff6b4021000 rw-p 00000000 00:00 0 
7ff6b4021000-7ff6b8000000 ---p 00000000 00:00 0 
7ff6b8000000-7ff6b8021000 rw-p 00000000 00:00 0 
7ff6b8021000-7ff6bc000000 ---p 00000000 00:00 0 
7ff6bc000000-7ff6bd189000 rw-p 00000000 00:00 0 
7ff6bd189000-7ff6c0000000 ---p 00000000 00:00 0 
7ff6c0000000-7ff6c0a2f000 rw-p 00000000 00:00 0 
7ff6c0a2f000-7ff6c4000000 ---p 00000000 00:00 0 
7ff6c4000000-7ff6c4021000 rw-p 00000000 00:00 0 
7ff6c4021000-7ff6c8000000 ---p 00000000 00:00 0 
7ff6c8000000-7ff6c9a9d000 rw-p 00000000 00:00 0 
7ff6c9a9d000-7ff6cc000000 ---p 00000000 00:00 0 
7ff6cc000000-7ff6cc021000 rw-p 00000000 00:00 0 
7ff6cc021000-7ff6d0000000 ---p 00000000 00:00 0 
7ff6d0000000-7ff6d0021000 rw-p 00000000 00:00 0 
7ff6d0021000-7ff6d4000000 ---p 00000000 00:00 0 
7ff6d4000000-7ff6d4021000 rw-p 00000000 00:00 0 
7ff6d4021000-7ff6d8000000 ---p 00000000 00:00 0 
7ff6d8000000-7ff6d8103000 rw-p 00000000 00:00 0 
7ff6d8103000-7ff6dc000000 ---p 00000000 00:00 0 
7ff6dc000000-7ff6dc021000 rw-p 00000000 00:00 0 
7ff6dc021000-7ff6e0000000 ---p 00000000 00:00 0 
7ff6e0000000-7ff6e0021000 rw-p 00000000 00:00 0 
7ff6e0021000-7ff6e4000000 ---p 00000000 00:00 0 
7ff6e4000000-7ff6e4021000 rw-p 00000000 00:00 0 
7ff6e4021000-7ff6e8000000 ---p 00000000 00:00 0 
7ff6e8907000-7ff6e9509000 rw-p 00000000 00:00 0 
7ff6e9509000-7ff6e950a000 ---p 00000000 00:00 0 
7ff6e950a000-7ff6e960a000 rw-p 00000000 00:00 0                          [stack:11188]
7ff6e960a000-7ff6e960d000 ---p 00000000 00:00 0 
7ff6e960d000-7ff6e970b000 rw-p 00000000 00:00 0                          [stack:11187]
7ff6e970b000-7ff6e970e000 ---p 00000000 00:00 0 
7ff6e970e000-7ff6e980c000 rw-p 00000000 00:00 0                          [stack:11186]
7ff6e980c000-7ff6e980f000 ---p 00000000 00:00 0 
7ff6e980f000-7ff6e990d000 rw-p 00000000 00:00 0                          [stack:11185]
7ff6e990d000-7ff6e9910000 ---p 00000000 00:00 0 
7ff6e9910000-7ff6e9a0e000 rw-p 00000000 00:00 0                          [stack:11184]
7ff6e9a0e000-7ff6e9a11000 ---p 00000000 00:00 0 
7ff6e9a11000-7ff6e9b0f000 rw-p 00000000 00:00 0                          [stack:11183]
7ff6e9b0f000-7ff6ea1f2000 r--p 00000000 08:05 2888578                    /usr/lib/locale/locale-archive
7ff6ea1f2000-7ff6ea1f5000 ---p 00000000 00:00 0 
7ff6ea1f5000-7ff6ea2f3000 rw-p 00000000 00:00 0                          [stack:11182]
7ff6ea2f3000-7ff6ea2f6000 ---p 00000000 00:00 0 
7ff6ea2f6000-7ff6ea3f4000 rw-p 00000000 00:00 0                          [stack:11181]
7ff6ea3f4000-7ff6ea3f5000 ---p 00000000 00:00 0 
7ff6ea3f5000-7ff6ed000000 rw-p 00000000 00:00 0                          [stack:11180]
7ff6ed000000-7ff6ed870000 rwxp 00000000 00:00 0 
7ff6ed870000-7ff6fc000000 ---p 00000000 00:00 0 
7ff6fc000000-7ff6fc37c000 rw-p 00000000 00:00 0 
7ff6fc37c000-7ff700000000 ---p 00000000 00:00 0 
7ff70003b000-7ff7004f1000 rw-p 00000000 00:00 0 
7ff7004f1000-7ff7006c5000 r--s 03c3f000 08:05 1445233                    /home/pramoda-nf/software/jdk1.8.0/jre/lib/rt.jar
7ff7006c5000-7ff700dbb000 rw-p 00000000 00:00 0 
7ff700dbb000-7ff700f3b000 ---p 00000000 00:00 0 
7ff700f3b000-7ff70113b000 rw-p 00000000 00:00 0 
7ff70113b000-7ff70113c000 ---p 00000000 00:00 0 
7ff70113c000-7ff70123c000 rw-p 00000000 00:00 0                          [stack:11179]
7ff70123c000-7ff70123d000 ---p 00000000 00:00 0 
7ff70123d000-7ff70133d000 rw-p 00000000 00:00 0                          [stack:11178]
7ff70133d000-7ff70133e000 ---p 00000000 00:00 0 
7ff70133e000-7ff70143e000 rw-p 00000000 00:00 0                          [stack:11177]
7ff70143e000-7ff70143f000 ---p 00000000 00:00 0 
7ff70143f000-7ff701561000 rw-p 00000000 00:00 0                          [stack:11176]
7ff701561000-7ff701695000 ---p 00000000 00:00 0 
7ff701695000-7ff7016b7000 rw-p 00000000 00:00 0 
7ff7016b7000-7ff7017ea000 ---p 00000000 00:00 0 
7ff7017ea000-7ff701834000 rw-p 00000000 00:00 0 
7ff701834000-7ff701895000 ---p 00000000 00:00 0 
7ff701895000-7ff7018b8000 rw-p 00000000 00:00 0 
7ff7018b8000-7ff701c56000 ---p 00000000 00:00 0 
7ff701c56000-7ff701c72000 r-xp 00000000 08:05 1445285                    /home/pramoda-nf/software/jdk1.8.0/jre/lib/amd64/libzip.so
7ff701c72000-7ff701e71000 ---p 0001c000 08:05 1445285                    /home/pramoda-nf/software/jdk1.8.0/jre/lib/amd64/libzip.so
7ff701e71000-7ff701e72000 rw-p 0001b000 08:05 1445285                    /home/pramoda-nf/software/jdk1.8.0/jre/lib/amd64/libzip.so
7ff701e72000-7ff701e7d000 r-xp 00000000 08:05 2633199                    /lib/x86_64-linux-gnu/libnss_files-2.19.so
7ff701e7d000-7ff70207c000 ---p 0000b000 08:05 2633199                    /lib/x86_64-linux-gnu/libnss_files-2.19.so
7ff70207c000-7ff70207d000 r--p 0000a000 08:05 2633199                    /lib/x86_64-linux-gnu/libnss_files-2.19.so
7ff70207d000-7ff70207e000 rw-p 0000b000 08:05 2633199                    /lib/x86_64-linux-gnu/libnss_files-2.19.so
7ff70207e000-7ff702089000 r-xp 00000000 08:05 2633219                    /lib/x86_64-linux-gnu/libnss_nis-2.19.so
7ff702089000-7ff702288000 ---p 0000b000 08:05 2633219                    /lib/x86_64-linux-gnu/libnss_nis-2.19.so
7ff702288000-7ff702289000 r--p 0000a000 08:05 2633219                    /lib/x86_64-linux-gnu/libnss_nis-2.19.so
7ff702289000-7ff70228a000 rw-p 0000b000 08:05 2633219                    /lib/x86_64-linux-gnu/libnss_nis-2.19.so
7ff70228a000-7ff7022a1000 r-xp 00000000 08:05 2633208                    /lib/x86_64-linux-gnu/libnsl-2.19.so
7ff7022a1000-7ff7024a0000 ---p 00017000 08:05 2633208                    /lib/x86_64-linux-gnu/libnsl-2.19.so
7ff7024a0000-7ff7024a1000 r--p 00016000 08:05 2633208                    /lib/x86_64-linux-gnu/libnsl-2.19.so
7ff7024a1000-7ff7024a2000 rw-p 00017000 08:05 2633208                    /lib/x86_64-linux-gnu/libnsl-2.19.so
7ff7024a2000-7ff7024a4000 rw-p 00000000 00:00 0 
7ff7024a4000-7ff7024ad000 r-xp 00000000 08:05 2633207                    /lib/x86_64-linux-gnu/libnss_compat-2.19.so
7ff7024ad000-7ff7026ac000 ---p 00009000 08:05 2633207                    /lib/x86_64-linux-gnu/libnss_compat-2.19.so
7ff7026ac000-7ff7026ad000 r--p 00008000 08:05 2633207                    /lib/x86_64-linux-gnu/libnss_compat-2.19.so
7ff7026ad000-7ff7026ae000 rw-p 00009000 08:05 2633207                    /lib/x86_64-linux-gnu/libnss_compat-2.19.so
7ff7026ae000-7ff7026d8000 r-xp 00000000 08:05 1445280                    /home/pramoda-nf/software/jdk1.8.0/jre/lib/amd64/libjava.so
7ff7026d8000-7ff7028d8000 ---p 0002a000 08:05 1445280                    /home/pramoda-nf/software/jdk1.8.0/jre/lib/amd64/libjava.so
7ff7028d8000-7ff7028da000 rw-p 0002a000 08:05 1445280                    /home/pramoda-nf/software/jdk1.8.0/jre/lib/amd64/libjava.so
7ff7028da000-7ff7028e7000 r-xp 00000000 08:05 1445284                    /home/pramoda-nf/software/jdk1.8.0/jre/lib/amd64/libverify.so
7ff7028e7000-7ff702ae7000 ---p 0000d000 08:05 1445284                    /home/pramoda-nf/software/jdk1.8.0/jre/lib/amd64/libverify.so
7ff702ae7000-7ff702ae9000 rw-p 0000d000 08:05 1445284                    /home/pramoda-nf/software/jdk1.8.0/jre/lib/amd64/libverify.so
7ff702ae9000-7ff702af0000 r-xp 00000000 08:05 2633216                    /lib/x86_64-linux-gnu/librt-2.19.so
7ff702af0000-7ff702cef000 ---p 00007000 08:05 2633216                    /lib/x86_64-linux-gnu/librt-2.19.so
7ff702cef000-7ff702cf0000 r--p 00006000 08:05 2633216                    /lib/x86_64-linux-gnu/librt-2.19.so
7ff702cf0000-7ff702cf1000 rw-p 00007000 08:05 2633216                    /lib/x86_64-linux-gnu/librt-2.19.so
7ff702cf1000-7ff702df6000 r-xp 00000000 08:05 2633198                    /lib/x86_64-linux-gnu/libm-2.19.so
7ff702df6000-7ff702ff5000 ---p 00105000 08:05 2633198                    /lib/x86_64-linux-gnu/libm-2.19.so
7ff702ff5000-7ff702ff6000 r--p 00104000 08:05 2633198                    /lib/x86_64-linux-gnu/libm-2.19.so
7ff702ff6000-7ff702ff7000 rw-p 00105000 08:05 2633198                    /lib/x86_64-linux-gnu/libm-2.19.so
7ff702ff7000-7ff703c10000 r-xp 00000000 08:05 1573707                    /home/pramoda-nf/software/jdk1.8.0/jre/lib/amd64/server/libjvm.so
7ff703c10000-7ff703e10000 ---p 00c19000 08:05 1573707                    /home/pramoda-nf/software/jdk1.8.0/jre/lib/amd64/server/libjvm.so
7ff703e10000-7ff703ed9000 rw-p 00c19000 08:05 1573707                    /home/pramoda-nf/software/jdk1.8.0/jre/lib/amd64/server/libjvm.so
7ff703ed9000-7ff703f1a000 rw-p 00000000 00:00 0 
7ff703f1a000-7ff7040d5000 r-xp 00000000 08:05 2633213                    /lib/x86_64-linux-gnu/libc-2.19.so
7ff7040d5000-7ff7042d4000 ---p 001bb000 08:05 2633213                    /lib/x86_64-linux-gnu/libc-2.19.so
7ff7042d4000-7ff7042d8000 r--p 001ba000 08:05 2633213                    /lib/x86_64-linux-gnu/libc-2.19.so
7ff7042d8000-7ff7042da000 rw-p 001be000 08:05 2633213                    /lib/x86_64-linux-gnu/libc-2.19.so
7ff7042da000-7ff7042df000 rw-p 00000000 00:00 0 
7ff7042df000-7ff7042e2000 r-xp 00000000 08:05 2633202                    /lib/x86_64-linux-gnu/libdl-2.19.so
7ff7042e2000-7ff7044e1000 ---p 00003000 08:05 2633202                    /lib/x86_64-linux-gnu/libdl-2.19.so
7ff7044e1000-7ff7044e2000 r--p 00002000 08:05 2633202                    /lib/x86_64-linux-gnu/libdl-2.19.so
7ff7044e2000-7ff7044e3000 rw-p 00003000 08:05 2633202                    /lib/x86_64-linux-gnu/libdl-2.19.so
7ff7044e3000-7ff7044fa000 r-xp 00000000 08:05 1573495                    /home/pramoda-nf/software/jdk1.8.0/lib/amd64/jli/libjli.so
7ff7044fa000-7ff7046f9000 ---p 00017000 08:05 1573495                    /home/pramoda-nf/software/jdk1.8.0/lib/amd64/jli/libjli.so
7ff7046f9000-7ff7046fa000 rw-p 00016000 08:05 1573495                    /home/pramoda-nf/software/jdk1.8.0/lib/amd64/jli/libjli.so
7ff7046fa000-7ff704713000 r-xp 00000000 08:05 2633214                    /lib/x86_64-linux-gnu/libpthread-2.19.so
7ff704713000-7ff704912000 ---p 00019000 08:05 2633214                    /lib/x86_64-linux-gnu/libpthread-2.19.so
7ff704912000-7ff704913000 r--p 00018000 08:05 2633214                    /lib/x86_64-linux-gnu/libpthread-2.19.so
7ff704913000-7ff704914000 rw-p 00019000 08:05 2633214                    /lib/x86_64-linux-gnu/libpthread-2.19.so
7ff704914000-7ff704918000 rw-p 00000000 00:00 0 
7ff704918000-7ff70493b000 r-xp 00000000 08:05 2633210                    /lib/x86_64-linux-gnu/ld-2.19.so
7ff70493f000-7ff704a18000 rw-p 00000000 00:00 0 
7ff704a18000-7ff704a1b000 ---p 00000000 00:00 0 
7ff704a1b000-7ff704b1d000 rw-p 00000000 00:00 0                          [stack:11175]
7ff704b1e000-7ff704b1f000 rw-p 00000000 00:00 0 
7ff704b1f000-7ff704b2e000 r--s 000dd000 08:05 1320067                    /home/pramoda-nf/software/Android/Sdk/build-tools/21.1.2/lib/dx.jar
7ff704b2e000-7ff704b36000 rw-s 00000000 08:05 2250189                    /tmp/hsperfdata_pramoda-nf/11170
7ff704b36000-7ff704b37000 rw-p 00000000 00:00 0 
7ff704b37000-7ff704b38000 r--p 00000000 00:00 0 
7ff704b38000-7ff704b3a000 rw-p 00000000 00:00 0 
7ff704b3a000-7ff704b3b000 r--p 00022000 08:05 2633210                    /lib/x86_64-linux-gnu/ld-2.19.so
7ff704b3b000-7ff704b3c000 rw-p 00023000 08:05 2633210                    /lib/x86_64-linux-gnu/ld-2.19.so
7ff704b3c000-7ff704b3d000 rw-p 00000000 00:00 0 
7fffd25fb000-7fffd261c000 rw-p 00000000 00:00 0                          [stack]
7fffd27bd000-7fffd27bf000 r-xp 00000000 00:00 0                          [vdso]
ffffffffff600000-ffffffffff601000 r-xp 00000000 00:00 0                  [vsyscall]

VM Arguments:
jvm_args: -Djava.awt.headless=true -Xmx1024M -Dfile.encoding=UTF-8 -Duser.country=US -Duser.language=en -Duser.variant 
java_command: com.android.dx.command.Main --dex --output /home/pramoda-nf/EgreenProject/MyProjects/ResturantManagement/GuideMe/app/build/intermediates/pre-dexed/debug/com.android.support-support-v4-24.0.0-alpha1_d8cdfca925f88e2ad05ea42d4c8fe94efb4c0cee.jar /home/pramoda-nf/EgreenProject/MyProjects/ResturantManagement/GuideMe/app/build/intermediates/exploded-aar/com.android.support/support-v4/24.0.0-alpha1/jars/classes.jar
java_class_path (initial): /home/pramoda-nf/software/Android/Sdk/build-tools/21.1.2/lib/dx.jar
Launcher Type: SUN_STANDARD

Environment Variables:
JAVA_HOME=/home/pramoda-nf/software/jdk1.8.0
CLASSPATH=/home/pramoda-nf/software/android-studio/bin/../lib/bootstrap.jar:/home/pramoda-nf/software/android-studio/bin/../lib/extensions.jar:/home/pramoda-nf/software/android-studio/bin/../lib/util.jar:/home/pramoda-nf/software/android-studio/bin/../lib/jdom.jar:/home/pramoda-nf/software/android-studio/bin/../lib/log4j.jar:/home/pramoda-nf/software/android-studio/bin/../lib/trove4j.jar:/home/pramoda-nf/software/android-studio/bin/../lib/jna.jar:/home/pramoda-nf/software/jdk1.8.0/lib/tools.jar
PATH=/usr/local/sbin:/usr/local/bin:/usr/sbin:/usr/bin:/sbin:/bin:/usr/games:/usr/local/games:/home/pramoda-nf/bin:/home/pramoda-nf/software/jdk1.8.0/bin
LD_LIBRARY_PATH=/home/pramoda-nf/software/android-studio/bin:
SHELL=/bin/bash
DISPLAY=:0

Signal Handlers:
SIGSEGV: [libjvm.so+0xa2fc40], sa_mask[0]=0x7ffbfeff, sa_flags=0x10000004
SIGBUS: [libjvm.so+0xa2fc40], sa_mask[0]=0x7ffbfeff, sa_flags=0x10000004
SIGFPE: [libjvm.so+0x89b440], sa_mask[0]=0x7ffbfeff, sa_flags=0x10000004
SIGPIPE: [libjvm.so+0x89b440], sa_mask[0]=0x7ffbfeff, sa_flags=0x10000004
SIGXFSZ: [libjvm.so+0x89b440], sa_mask[0]=0x7ffbfeff, sa_flags=0x10000004
SIGILL: [libjvm.so+0x89b440], sa_mask[0]=0x7ffbfeff, sa_flags=0x10000004
SIGUSR1: SIG_DFL, sa_mask[0]=0x00000000, sa_flags=0x00000000
SIGUSR2: [libjvm.so+0x89cbe0], sa_mask[0]=0x00000004, sa_flags=0x10000004
SIGHUP: [libjvm.so+0x89de90], sa_mask[0]=0x7ffbfeff, sa_flags=0x10000004
SIGINT: [libjvm.so+0x89de90], sa_mask[0]=0x7ffbfeff, sa_flags=0x10000004
SIGTERM: [libjvm.so+0x89de90], sa_mask[0]=0x7ffbfeff, sa_flags=0x10000004
SIGQUIT: [libjvm.so+0x89de90], sa_mask[0]=0x7ffbfeff, sa_flags=0x10000004


---------------  S Y S T E M  ---------------

OS:DISTRIB_ID=Ubuntu
DISTRIB_RELEASE=14.04
DISTRIB_CODENAME=trusty
DISTRIB_DESCRIPTION="Ubuntu 14.04 LTS"

uname:Linux 3.13.0-24-generic #46-Ubuntu SMP Thu Apr 10 19:11:08 UTC 2014 x86_64
libc:glibc 2.19 NPTL 2.19 
rlimit: STACK 8192k, CORE 0k, NPROC 30261, NOFILE 4096, AS infinity
load average:34.05 11.55 5.37

/proc/meminfo:
MemTotal:        3895040 kB
MemFree:          133900 kB
Buffers:              92 kB
Cached:           313760 kB
SwapCached:        13192 kB
Active:          2756104 kB
Inactive:         766124 kB
Active(anon):    2753240 kB
Inactive(anon):   760272 kB
Active(file):       2864 kB
Inactive(file):     5852 kB
Unevictable:         104 kB
Mlocked:             104 kB
SwapTotal:       2534396 kB
SwapFree:             52 kB
Dirty:                36 kB
Writeback:             0 kB
AnonPages:       3198304 kB
Mapped:            17684 kB
Shmem:            304404 kB
Slab:              76396 kB
SReclaimable:      33360 kB
SUnreclaim:        43036 kB
KernelStack:        6272 kB
PageTables:        61152 kB
NFS_Unstable:          0 kB
Bounce:                0 kB
WritebackTmp:          0 kB
CommitLimit:     4481916 kB
Committed_AS:   10074408 kB
VmallocTotal:   34359738367 kB
VmallocUsed:      559968 kB
VmallocChunk:   34359151100 kB
HardwareCorrupted:     0 kB
AnonHugePages:    634880 kB
HugePages_Total:       0
HugePages_Free:        0
HugePages_Rsvd:        0
HugePages_Surp:        0
Hugepagesize:       2048 kB
DirectMap4k:       93136 kB
DirectMap2M:     3946496 kB


CPU:total 4 (2 cores per cpu, 2 threads per core) family 6 model 58 stepping 9, cmov, cx8, fxsr, mmx, sse, sse2, sse3, ssse3, sse4.1, sse4.2, popcnt, avx, aes, clmul, erms, ht, tsc, tscinvbit

/proc/cpuinfo:
processor	: 0
vendor_id	: GenuineIntel
cpu family	: 6
model		: 58
model name	: Intel(R) Core(TM) i5-3230M CPU @ 2.60GHz
stepping	: 9
microcode	: 0x16
cpu MHz		: 2601.000
cache size	: 3072 KB
physical id	: 0
siblings	: 4
core id		: 0
cpu cores	: 2
apicid		: 0
initial apicid	: 0
fpu		: yes
fpu_exception	: yes
cpuid level	: 13
wp		: yes
flags		: fpu vme de pse tsc msr pae mce cx8 apic sep mtrr pge mca cmov pat pse36 clflush dts acpi mmx fxsr sse sse2 ss ht tm pbe syscall nx rdtscp lm constant_tsc arch_perfmon pebs bts rep_good nopl xtopology nonstop_tsc aperfmperf eagerfpu pni pclmulqdq dtes64 monitor ds_cpl vmx est tm2 ssse3 cx16 xtpr pdcm pcid sse4_1 sse4_2 x2apic popcnt tsc_deadline_timer aes xsave avx f16c rdrand lahf_lm ida arat epb xsaveopt pln pts dtherm tpr_shadow vnmi flexpriority ept vpid fsgsbase smep erms
bogomips	: 5188.04
clflush size	: 64
cache_alignment	: 64
address sizes	: 36 bits physical, 48 bits virtual
power management:

processor	: 1
vendor_id	: GenuineIntel
cpu family	: 6
model		: 58
model name	: Intel(R) Core(TM) i5-3230M CPU @ 2.60GHz
stepping	: 9
microcode	: 0x16
cpu MHz		: 2601.000
cache size	: 3072 KB
physical id	: 0
siblings	: 4
core id		: 0
cpu cores	: 2
apicid		: 1
initial apicid	: 1
fpu		: yes
fpu_exception	: yes
cpuid level	: 13
wp		: yes
flags		: fpu vme de pse tsc msr pae mce cx8 apic sep mtrr pge mca cmov pat pse36 clflush dts acpi mmx fxsr sse sse2 ss ht tm pbe syscall nx rdtscp lm constant_tsc arch_perfmon pebs bts rep_good nopl xtopology nonstop_tsc aperfmperf eagerfpu pni pclmulqdq dtes64 monitor ds_cpl vmx est tm2 ssse3 cx16 xtpr pdcm pcid sse4_1 sse4_2 x2apic popcnt tsc_deadline_timer aes xsave avx f16c rdrand lahf_lm ida arat epb xsaveopt pln pts dtherm tpr_shadow vnmi flexpriority ept vpid fsgsbase smep erms
bogomips	: 5188.04
clflush size	: 64
cache_alignment	: 64
address sizes	: 36 bits physical, 48 bits virtual
power management:

processor	: 2
vendor_id	: GenuineIntel
cpu family	: 6
model		: 58
model name	: Intel(R) Core(TM) i5-3230M CPU @ 2.60GHz
stepping	: 9
microcode	: 0x16
cpu MHz		: 2601.000
cache size	: 3072 KB
physical id	: 0
siblings	: 4
core id		: 1
cpu cores	: 2
apicid		: 2
initial apicid	: 2
fpu		: yes
fpu_exception	: yes
cpuid level	: 13
wp		: yes
flags		: fpu vme de pse tsc msr pae mce cx8 apic sep mtrr pge mca cmov pat pse36 clflush dts acpi mmx fxsr sse sse2 ss ht tm pbe syscall nx rdtscp lm constant_tsc arch_perfmon pebs bts rep_good nopl xtopology nonstop_tsc aperfmperf eagerfpu pni pclmulqdq dtes64 monitor ds_cpl vmx est tm2 ssse3 cx16 xtpr pdcm pcid sse4_1 sse4_2 x2apic popcnt tsc_deadline_timer aes xsave avx f16c rdrand lahf_lm ida arat epb xsaveopt pln pts dtherm tpr_shadow vnmi flexpriority ept vpid fsgsbase smep erms
bogomips	: 5188.04
clflush size	: 64
cache_alignment	: 64
address sizes	: 36 bits physical, 48 bits virtual
power management:

processor	: 3
vendor_id	: GenuineIntel
cpu family	: 6
model		: 58
model name	: Intel(R) Core(TM) i5-3230M CPU @ 2.60GHz
stepping	: 9
microcode	: 0x16
cpu MHz		: 2601.000
cache size	: 3072 KB
physical id	: 0
siblings	: 4
core id		: 1
cpu cores	: 2
apicid		: 3
initial apicid	: 3
fpu		: yes
fpu_exception	: yes
cpuid level	: 13
wp		: yes
flags		: fpu vme de pse tsc msr pae mce cx8 apic sep mtrr pge mca cmov pat pse36 clflush dts acpi mmx fxsr sse sse2 ss ht tm pbe syscall nx rdtscp lm constant_tsc arch_perfmon pebs bts rep_good nopl xtopology nonstop_tsc aperfmperf eagerfpu pni pclmulqdq dtes64 monitor ds_cpl vmx est tm2 ssse3 cx16 xtpr pdcm pcid sse4_1 sse4_2 x2apic popcnt tsc_deadline_timer aes xsave avx f16c rdrand lahf_lm ida arat epb xsaveopt pln pts dtherm tpr_shadow vnmi flexpriority ept vpid fsgsbase smep erms
bogomips	: 5188.04
clflush size	: 64
cache_alignment	: 64
address sizes	: 36 bits physical, 48 bits virtual
power management:



Memory: 4k page, physical 3895040k(134684k free), swap 2534396k(4k free)

vm_info: Java HotSpot(TM) 64-Bit Server VM (25.0-b70) for linux-amd64 JRE (1.8.0-b132), built on Mar  4 2014 03:07:25 by "java_re" with gcc 4.3.0 20080428 (Red Hat 4.3.0-8)

time: Tue Apr 12 22:36:48 2016
elapsed time: 68 seconds

